  stdafx.cpp
  utils.cpp
  uiTestScene.cpp
  uiObject.cpp
  uiManager.cpp
  uiImageView.cpp
c:\users\5_kga_1\documents\github\irisselector\irisselector\staaaart\20180820\uiimageview.cpp(12): warning C4244: '인수': 'float'에서 'int'(으)로 변환하면서 데이터가 손실될 수 있습니다.
c:\users\5_kga_1\documents\github\irisselector\irisselector\staaaart\20180820\uiimageview.cpp(27): warning C4244: '인수': 'float'에서 'int'(으)로 변환하면서 데이터가 손실될 수 있습니다.
  uiButton.cpp
c:\users\5_kga_1\documents\github\irisselector\irisselector\staaaart\20180820\uibutton.cpp(13): warning C4244: '인수': 'float'에서 'int'(으)로 변환하면서 데이터가 손실될 수 있습니다.
c:\users\5_kga_1\documents\github\irisselector\irisselector\staaaart\20180820\uibutton.cpp(56): warning C4244: '인수': 'float'에서 'int'(으)로 변환하면서 데이터가 손실될 수 있습니다.
c:\users\5_kga_1\documents\github\irisselector\irisselector\staaaart\20180820\uibutton.cpp(60): warning C4244: '인수': 'float'에서 'int'(으)로 변환하면서 데이터가 손실될 수 있습니다.
  txtData.cpp
c:\users\5_kga_1\documents\github\irisselector\irisselector\staaaart\20180820\txtdata.cpp(53): warning C4018: '<': signed 또는 unsigned가 일치하지 않습니다.
c:\users\5_kga_1\documents\github\irisselector\irisselector\staaaart\20180820\txtdata.cpp(56): warning C4018: '<': signed 또는 unsigned가 일치하지 않습니다.
  titleScene.cpp
  timer.cpp
  timeManager.cpp
  spaceShip.cpp
c:\users\5_kga_1\documents\github\irisselector\irisselector\staaaart\20180820\spaceship.cpp(36): warning C4244: '인수': 'float'에서 'int'(으)로 변환하면서 데이터가 손실될 수 있습니다.
c:\users\5_kga_1\documents\github\irisselector\irisselector\staaaart\20180820\spaceship.cpp(76): warning C4244: '인수': 'float'에서 'int'(으)로 변환하면서 데이터가 손실될 수 있습니다.
c:\users\5_kga_1\documents\github\irisselector\irisselector\staaaart\20180820\spaceship.cpp(108): warning C4244: '인수': 'float'에서 'int'(으)로 변환하면서 데이터가 손실될 수 있습니다.
c:\users\5_kga_1\documents\github\irisselector\irisselector\staaaart\20180820\spaceship.cpp(131): warning C4244: '인수': 'float'에서 'int'(으)로 변환하면서 데이터가 손실될 수 있습니다.
c:\users\5_kga_1\documents\github\irisselector\irisselector\staaaart\20180820\spaceship.cpp(154): warning C4244: '인수': 'int'에서 'float'(으)로 변환하면서 데이터가 손실될 수 있습니다.
  soundmanager.cpp
  sceneManager.cpp
  scene.cpp
  progressBar.cpp
c:\users\5_kga_1\documents\github\irisselector\irisselector\staaaart\20180820\progressbar.cpp(10): warning C4244: '인수': 'float'에서 'int'(으)로 변환하면서 데이터가 손실될 수 있습니다.
c:\users\5_kga_1\documents\github\irisselector\irisselector\staaaart\20180820\progressbar.cpp(13): warning C4244: '인수': 'float'에서 'int'(으)로 변환하면서 데이터가 손실될 수 있습니다.
c:\users\5_kga_1\documents\github\irisselector\irisselector\staaaart\20180820\progressbar.cpp(15): warning C4244: '인수': 'float'에서 'int'(으)로 변환하면서 데이터가 손실될 수 있습니다.
c:\users\5_kga_1\documents\github\irisselector\irisselector\staaaart\20180820\progressbar.cpp(30): warning C4244: '인수': 'float'에서 'int'(으)로 변환하면서 데이터가 손실될 수 있습니다.
c:\users\5_kga_1\documents\github\irisselector\irisselector\staaaart\20180820\progressbar.cpp(32): warning C4244: '인수': 'float'에서 'int'(으)로 변환하면서 데이터가 손실될 수 있습니다.
c:\users\5_kga_1\documents\github\irisselector\irisselector\staaaart\20180820\progressbar.cpp(31): warning C4244: '인수': 'float'에서 'int'(으)로 변환하면서 데이터가 손실될 수 있습니다.
  pixelCollision.cpp
c:\users\5_kga_1\documents\github\irisselector\irisselector\staaaart\20180820\pixelcollision.cpp(17): warning C4244: '인수': 'float'에서 'int'(으)로 변환하면서 데이터가 손실될 수 있습니다.
c:\users\5_kga_1\documents\github\irisselector\irisselector\staaaart\20180820\pixelcollision.cpp(40): warning C4244: '=': 'int'에서 'float'(으)로 변환하면서 데이터가 손실될 수 있습니다.
c:\users\5_kga_1\documents\github\irisselector\irisselector\staaaart\20180820\pixelcollision.cpp(41): warning C4244: '초기화 중': 'float'에서 'int'(으)로 변환하면서 데이터가 손실될 수 있습니다.
c:\users\5_kga_1\documents\github\irisselector\irisselector\staaaart\20180820\pixelcollision.cpp(52): warning C4244: '=': 'int'에서 'float'(으)로 변환하면서 데이터가 손실될 수 있습니다.
c:\users\5_kga_1\documents\github\irisselector\irisselector\staaaart\20180820\pixelcollision.cpp(63): warning C4244: '인수': 'float'에서 'int'(으)로 변환하면서 데이터가 손실될 수 있습니다.
  missileManager.cpp
  missile.cpp
c:\users\5_kga_1\documents\github\irisselector\irisselector\staaaart\20180820\missile.cpp(61): warning C4244: '인수': 'float'에서 'int'(으)로 변환하면서 데이터가 손실될 수 있습니다.
c:\users\5_kga_1\documents\github\irisselector\irisselector\staaaart\20180820\missile.cpp(74): warning C4244: '인수': 'float'에서 'int'(으)로 변환하면서 데이터가 손실될 수 있습니다.
c:\users\5_kga_1\documents\github\irisselector\irisselector\staaaart\20180820\missile.cpp(96): warning C4244: '인수': 'float'에서 'int'(으)로 변환하면서 데이터가 손실될 수 있습니다.
  mainGame.cpp
  loadingScene_1.cpp
  코드를 생성하고 있습니다...
c:\users\5_kga_1\documents\github\irisselector\irisselector\staaaart\20180820\txtdata.cpp(62): warning C4172: 지역 변수 또는 임시: str의 주소를 반환하고 있습니다.
  컴파일하고 있습니다...
  keyManager.cpp
  imageManager.cpp
  image.cpp
c:\users\5_kga_1\documents\github\irisselector\irisselector\staaaart\20180820\image.cpp(343): warning C4244: '인수': 'float'에서 'int'(으)로 변환하면서 데이터가 손실될 수 있습니다.
c:\users\5_kga_1\documents\github\irisselector\irisselector\staaaart\20180820\image.cpp(356): warning C4244: '인수': 'float'에서 'int'(으)로 변환하면서 데이터가 손실될 수 있습니다.
c:\users\5_kga_1\documents\github\irisselector\irisselector\staaaart\20180820\image.cpp(368): warning C4244: '인수': 'float'에서 'int'(으)로 변환하면서 데이터가 손실될 수 있습니다.
  gameNode.cpp
  enemyManager.cpp
  enemy.cpp
c:\users\5_kga_1\documents\github\irisselector\irisselector\staaaart\20180820\enemy.cpp(40): warning C4244: '=': 'LONG'에서 'float'(으)로 변환하면서 데이터가 손실될 수 있습니다.
c:\users\5_kga_1\documents\github\irisselector\irisselector\staaaart\20180820\enemy.cpp(41): warning C4244: '=': 'LONG'에서 'float'(으)로 변환하면서 데이터가 손실될 수 있습니다.
c:\users\5_kga_1\documents\github\irisselector\irisselector\staaaart\20180820\enemy.cpp(84): warning C4244: '인수': 'float'에서 'int'(으)로 변환하면서 데이터가 손실될 수 있습니다.
c:\users\5_kga_1\documents\github\irisselector\irisselector\staaaart\20180820\enemy.cpp(96): warning C4244: '인수': 'float'에서 'int'(으)로 변환하면서 데이터가 손실될 수 있습니다.
  effectManager.cpp
  effect.cpp
  camel.cpp
  button.cpp
c:\users\5_kga_1\documents\github\irisselector\irisselector\staaaart\20180820\button.cpp(14): warning C4244: '=': 'int'에서 'float'(으)로 변환하면서 데이터가 손실될 수 있습니다.
c:\users\5_kga_1\documents\github\irisselector\irisselector\staaaart\20180820\button.cpp(15): warning C4244: '=': 'int'에서 'float'(으)로 변환하면서 데이터가 손실될 수 있습니다.
  battleScene.cpp
c:\users\5_kga_1\documents\github\irisselector\irisselector\staaaart\20180820\battlescene.cpp(161): warning C4018: '<': signed 또는 unsigned가 일치하지 않습니다.
  animation.cpp
  action.cpp
c:\users\5_kga_1\documents\github\irisselector\irisselector\staaaart\20180820\action.cpp(8): warning C4244: '인수': 'float'에서 'int'(으)로 변환하면서 데이터가 손실될 수 있습니다.
c:\users\5_kga_1\documents\github\irisselector\irisselector\staaaart\20180820\action.cpp(11): warning C4244: '=': 'LONG'에서 'float'(으)로 변환하면서 데이터가 손실될 수 있습니다.
c:\users\5_kga_1\documents\github\irisselector\irisselector\staaaart\20180820\action.cpp(12): warning C4244: '=': 'LONG'에서 'float'(으)로 변환하면서 데이터가 손실될 수 있습니다.
c:\users\5_kga_1\documents\github\irisselector\irisselector\staaaart\20180820\action.cpp(15): warning C4244: '인수': 'LONG'에서 'float'(으)로 변환하면서 데이터가 손실될 수 있습니다.
c:\users\5_kga_1\documents\github\irisselector\irisselector\staaaart\20180820\action.cpp(17): warning C4244: '인수': 'LONG'에서 'float'(으)로 변환하면서 데이터가 손실될 수 있습니다.
c:\users\5_kga_1\documents\github\irisselector\irisselector\staaaart\20180820\action.cpp(30): warning C4244: '인수': 'float'에서 'int'(으)로 변환하면서 데이터가 손실될 수 있습니다.
c:\users\5_kga_1\documents\github\irisselector\irisselector\staaaart\20180820\action.cpp(33): warning C4244: '인수': 'LONG'에서 'float'(으)로 변환하면서 데이터가 손실될 수 있습니다.
c:\users\5_kga_1\documents\github\irisselector\irisselector\staaaart\20180820\action.cpp(35): warning C4244: '=': 'LONG'에서 'float'(으)로 변환하면서 데이터가 손실될 수 있습니다.
c:\users\5_kga_1\documents\github\irisselector\irisselector\staaaart\20180820\action.cpp(36): warning C4244: '=': 'LONG'에서 'float'(으)로 변환하면서 데이터가 손실될 수 있습니다.
c:\users\5_kga_1\documents\github\irisselector\irisselector\staaaart\20180820\action.cpp(41): warning C4244: '인수': 'float'에서 'int'(으)로 변환하면서 데이터가 손실될 수 있습니다.
  Iris_Selector.cpp
  코드를 생성하고 있습니다...
  20180820.vcxproj -> C:\Users\5_KGA_1\Documents\GitHub\IrisSelector\IrisSelector\Staaaart\Debug\Iris_Selector.exe
